app/build/intermediates/manifest_merge_blame_file/debug/manifest-merger-blame-debug-report.txt
1<?xml version="1.0" encoding="utf-8"?>
2<manifest xmlns:android="http://schemas.android.com/apk/res/android"
3    package="com.example.kitchenkompanion"
4    android:versionCode="1"
5    android:versionName="1.0" >
6
7    <uses-sdk
8        android:minSdkVersion="26"
8-->src/main/AndroidManifest.xml
9        android:targetSdkVersion="31" />
9-->src/main/AndroidManifest.xml
10
11    <application
11-->src/main/AndroidManifest.xml:5:5-33:19
12        android:allowBackup="true"
12-->src/main/AndroidManifest.xml:6:9-35
13        android:appComponentFactory="androidx.core.app.CoreComponentFactory"
13-->[androidx.core:core:1.3.1] AndroidManifest.xml:24:18-86
14        android:debuggable="true"
15        android:extractNativeLibs="false"
16        android:icon="@mipmap/ic_launcher"
16-->src/main/AndroidManifest.xml:7:9-43
17        android:label="@string/app_name"
17-->src/main/AndroidManifest.xml:8:9-41
18        android:roundIcon="@mipmap/ic_launcher_round"
18-->src/main/AndroidManifest.xml:9:9-54
19        android:supportsRtl="true"
19-->src/main/AndroidManifest.xml:10:9-35
20        android:testOnly="true"
21        android:theme="@style/Theme.KitchenKompanion" >
21-->src/main/AndroidManifest.xml:11:9-54
22        <activity
22-->src/main/AndroidManifest.xml:12:9-14:40
23            android:name="com.example.kitchenkompanion.CabActivity"
23-->src/main/AndroidManifest.xml:13:13-40
24            android:exported="false" />
24-->src/main/AndroidManifest.xml:14:13-37
25        <activity
25-->src/main/AndroidManifest.xml:15:9-17:40
26            android:name="com.example.kitchenkompanion.FridgeActivity"
26-->src/main/AndroidManifest.xml:16:13-43
27            android:exported="false" />
27-->src/main/AndroidManifest.xml:17:13-37
28        <activity
28-->src/main/AndroidManifest.xml:18:9-20:40
29            android:name="com.example.kitchenkompanion.RecipeActivity"
29-->src/main/AndroidManifest.xml:19:13-43
30            android:exported="false" />
30-->src/main/AndroidManifest.xml:20:13-37
31        <activity
31-->src/main/AndroidManifest.xml:21:9-23:40
32            android:name="com.example.kitchenkompanion.ChartActivity"
32-->src/main/AndroidManifest.xml:22:13-42
33            android:exported="false" />
33-->src/main/AndroidManifest.xml:23:13-37
34        <activity
34-->src/main/AndroidManifest.xml:24:9-32:20
35            android:name="com.example.kitchenkompanion.MainActivity"
35-->src/main/AndroidManifest.xml:25:13-41
36            android:exported="true" >
36-->src/main/AndroidManifest.xml:26:13-36
37            <intent-filter>
37-->src/main/AndroidManifest.xml:27:13-31:29
38                <action android:name="android.intent.action.MAIN" />
38-->src/main/AndroidManifest.xml:28:17-69
38-->src/main/AndroidManifest.xml:28:25-66
39
40                <category android:name="android.intent.category.LAUNCHER" />
40-->src/main/AndroidManifest.xml:30:17-77
40-->src/main/AndroidManifest.xml:30:27-74
41            </intent-filter>
42        </activity>
43    </application>
44
45</manifest>